<?xml version="1.0" encoding="UTF-8"?>
<testng-results skipped="0" failed="0" total="6" passed="6">
  <reporter-output>
  </reporter-output>
  <suite name="Banking app Testcases" duration-ms="13562" started-at="2021-07-20T19:44:09Z" finished-at="2021-07-20T19:44:22Z">
    <groups>
      <group name="Sanity">
        <method signature="Testcase2.InsuranceTest()[pri:0, instance:testNGExamples.Testcase2@2aa3cd93]" name="InsuranceTest" class="testNGExamples.Testcase2"/>
      </group> <!-- Sanity -->
    </groups>
    <test name="RegressionTest" duration-ms="13562" started-at="2021-07-20T19:44:09Z" finished-at="2021-07-20T19:44:22Z">
      <class name="test.LoginTest">
        <test-method status="PASS" signature="SetUp()[pri:0, instance:test.LoginTest@7ea37dbf]" name="SetUp" is-config="true" duration-ms="5981" started-at="2021-07-20T19:44:09Z" finished-at="2021-07-20T19:44:15Z">
        </test-method> <!-- SetUp -->
        <test-method status="PASS" signature="Testcase1(java.lang.String, java.lang.String)[pri:0, instance:test.LoginTest@7ea37dbf]" name="Testcase1" duration-ms="6886" started-at="2021-07-20T19:44:15Z" finished-at="2021-07-20T19:44:22Z">
          <params>
            <param index="0">
              <value>
                <![CDATA[abc@xyz.com]]>
              </value>
            </param>
            <param index="1">
              <value>
                <![CDATA[abcd]]>
              </value>
            </param>
          </params>
        </test-method> <!-- Testcase1 -->
        <test-method status="PASS" signature="Cleanup()[pri:0, instance:test.LoginTest@7ea37dbf]" name="Cleanup" is-config="true" duration-ms="671" started-at="2021-07-20T19:44:22Z" finished-at="2021-07-20T19:44:22Z">
        </test-method> <!-- Cleanup -->
      </class> <!-- test.LoginTest -->
      <class name="testNGExamples.Testcase2">
        <test-method status="PASS" signature="beforeMethod()[pri:0, instance:testNGExamples.Testcase2@2aa3cd93]" name="beforeMethod" is-config="true" duration-ms="1" started-at="2021-07-20T19:44:22Z" finished-at="2021-07-20T19:44:22Z">
        </test-method> <!-- beforeMethod -->
        <test-method status="PASS" signature="afterMethod()[pri:0, instance:testNGExamples.Testcase2@2aa3cd93]" name="afterMethod" is-config="true" duration-ms="1" started-at="2021-07-20T19:44:22Z" finished-at="2021-07-20T19:44:22Z">
        </test-method> <!-- afterMethod -->
        <test-method status="PASS" signature="InsuranceTest()[pri:0, instance:testNGExamples.Testcase2@2aa3cd93]" name="InsuranceTest" duration-ms="0" started-at="2021-07-20T19:44:22Z" finished-at="2021-07-20T19:44:22Z">
        </test-method> <!-- InsuranceTest -->
        <test-method status="PASS" signature="beforeMethod()[pri:0, instance:testNGExamples.Testcase2@2aa3cd93]" name="beforeMethod" is-config="true" duration-ms="1" started-at="2021-07-20T19:44:22Z" finished-at="2021-07-20T19:44:22Z">
        </test-method> <!-- beforeMethod -->
        <test-method status="PASS" signature="LoanTest2()[pri:0, instance:testNGExamples.Testcase2@2aa3cd93]" name="LoanTest2" duration-ms="0" started-at="2021-07-20T19:44:22Z" finished-at="2021-07-20T19:44:22Z">
        </test-method> <!-- LoanTest2 -->
        <test-method status="PASS" signature="afterMethod()[pri:0, instance:testNGExamples.Testcase2@2aa3cd93]" name="afterMethod" is-config="true" duration-ms="1" started-at="2021-07-20T19:44:22Z" finished-at="2021-07-20T19:44:22Z">
        </test-method> <!-- afterMethod -->
      </class> <!-- testNGExamples.Testcase2 -->
      <class name="testNGExamples.Testcase1">
        <test-method status="PASS" signature="beforeTest()[pri:0, instance:testNGExamples.Testcase1@7ff95560]" name="beforeTest" is-config="true" duration-ms="6" started-at="2021-07-20T19:44:09Z" finished-at="2021-07-20T19:44:09Z">
        </test-method> <!-- beforeTest -->
        <test-method status="PASS" signature="beforeGroup()[pri:0, instance:testNGExamples.Testcase1@7ff95560]" name="beforeGroup" is-config="true" duration-ms="0" started-at="2021-07-20T19:44:22Z" finished-at="2021-07-20T19:44:22Z">
        </test-method> <!-- beforeGroup -->
        <test-method status="PASS" signature="beforeMethod()[pri:0, instance:testNGExamples.Testcase1@7ff95560]" name="beforeMethod" is-config="true" duration-ms="0" started-at="2021-07-20T19:44:22Z" finished-at="2021-07-20T19:44:22Z">
        </test-method> <!-- beforeMethod -->
        <test-method status="PASS" signature="afterMethod()[pri:0, instance:testNGExamples.Testcase1@7ff95560]" name="afterMethod" is-config="true" duration-ms="1" started-at="2021-07-20T19:44:22Z" finished-at="2021-07-20T19:44:22Z">
        </test-method> <!-- afterMethod -->
        <test-method status="PASS" signature="LoanTest()[pri:0, instance:testNGExamples.Testcase1@7ff95560]" name="LoanTest" duration-ms="0" started-at="2021-07-20T19:44:22Z" finished-at="2021-07-20T19:44:22Z">
        </test-method> <!-- LoanTest -->
        <test-method status="PASS" signature="LoanTest1()[pri:0, instance:testNGExamples.Testcase1@7ff95560]" name="LoanTest1" duration-ms="0" started-at="2021-07-20T19:44:22Z" depends-on-methods="testNGExamples.Testcase1.LoanTest" finished-at="2021-07-20T19:44:22Z">
        </test-method> <!-- LoanTest1 -->
        <test-method status="PASS" signature="beforeMethod()[pri:0, instance:testNGExamples.Testcase1@7ff95560]" name="beforeMethod" is-config="true" duration-ms="0" started-at="2021-07-20T19:44:22Z" finished-at="2021-07-20T19:44:22Z">
        </test-method> <!-- beforeMethod -->
        <test-method status="PASS" signature="afterMethod()[pri:0, instance:testNGExamples.Testcase1@7ff95560]" name="afterMethod" is-config="true" duration-ms="0" started-at="2021-07-20T19:44:22Z" finished-at="2021-07-20T19:44:22Z">
        </test-method> <!-- afterMethod -->
        <test-method status="PASS" signature="afterMethod()[pri:0, instance:testNGExamples.Testcase1@7ff95560]" name="afterMethod" is-config="true" duration-ms="0" started-at="2021-07-20T19:44:22Z" finished-at="2021-07-20T19:44:22Z">
        </test-method> <!-- afterMethod -->
        <test-method status="PASS" signature="beforeMethod()[pri:0, instance:testNGExamples.Testcase1@7ff95560]" name="beforeMethod" is-config="true" duration-ms="0" started-at="2021-07-20T19:44:22Z" finished-at="2021-07-20T19:44:22Z">
        </test-method> <!-- beforeMethod -->
        <test-method status="PASS" signature="afterTest()[pri:0, instance:testNGExamples.Testcase1@7ff95560]" name="afterTest" is-config="true" duration-ms="0" started-at="2021-07-20T19:44:22Z" finished-at="2021-07-20T19:44:22Z">
        </test-method> <!-- afterTest -->
        <test-method status="PASS" signature="CreditCardTest()[pri:0, instance:testNGExamples.Testcase1@7ff95560]" name="CreditCardTest" duration-ms="0" started-at="2021-07-20T19:44:22Z" depends-on-methods="testNGExamples.Testcase1.LoanTest1" finished-at="2021-07-20T19:44:22Z">
        </test-method> <!-- CreditCardTest -->
      </class> <!-- testNGExamples.Testcase1 -->
    </test> <!-- RegressionTest -->
  </suite> <!-- Banking app Testcases -->
</testng-results>
