<?xml version="1.0" encoding="UTF-8"?>
<!-- Generated by org.testng.reporters.JUnitXMLReporter -->
<testsuite hostname="DESKTOP-UOT98AJ" name="RegressionTest" tests="6" failures="0" timestamp="20 Jul 2021 14:14:22 GMT" time="13.562" errors="0">
  <testcase name="Testcase1" time="6.886" classname="test.LoginTest"/>
  <testcase name="InsuranceTest" time="0.0" classname="testNGExamples.Testcase2"/>
  <testcase name="LoanTest2" time="0.0" classname="testNGExamples.Testcase2"/>
  <testcase name="LoanTest" time="0.0" classname="testNGExamples.Testcase1"/>
  <testcase name="LoanTest1" time="0.0" classname="testNGExamples.Testcase1"/>
  <testcase name="CreditCardTest" time="0.0" classname="testNGExamples.Testcase1"/>
</testsuite> <!-- RegressionTest -->
